<?xml version="1.0" encoding="UTF-8"?>
<testsuite name="umc.spring.ApplicationTests" tests="1" skipped="0" failures="0" errors="0" timestamp="2025-05-11T06:59:04" hostname="Jihyunui-MacBookAir.local" time="0.226">
  <properties/>
  <testcase name="contextLoads()" classname="umc.spring.ApplicationTests" time="0.226"/>
  <system-out><![CDATA[
  .   ____          _            __ _ _
 /\\ / ___'_ __ _ _(_)_ __  __ _ \ \ \ \
( ( )\___ | '_ | '_| | '_ \/ _` | \ \ \ \
 \\/  ___)| |_)| | | | | || (_| |  ) ) ) )
  '  |____| .__|_| |_|_| |_\__, | / / / /
 =========|_|==============|___/=/_/_/_/

 :: Spring Boot ::               (v3.3.10)

2025-05-11T15:59:02.779+09:00  INFO 60809 --- [    Test worker] umc.spring.ApplicationTests              : Starting ApplicationTests using Java 17.0.15 with PID 60809 (started by jihyun in /Users/jihyun/Desktop/umc/umc-8th-springboot/spring)
2025-05-11T15:59:02.780+09:00  INFO 60809 --- [    Test worker] umc.spring.ApplicationTests              : No active profile set, falling back to 1 default profile: "default"
2025-05-11T15:59:02.993+09:00  INFO 60809 --- [    Test worker] .s.d.r.c.RepositoryConfigurationDelegate : Bootstrapping Spring Data JPA repositories in DEFAULT mode.
2025-05-11T15:59:03.014+09:00  INFO 60809 --- [    Test worker] .s.d.r.c.RepositoryConfigurationDelegate : Finished Spring Data repository scanning in 18 ms. Found 4 JPA repository interfaces.
2025-05-11T15:59:03.180+09:00  INFO 60809 --- [    Test worker] o.hibernate.jpa.internal.util.LogHelper  : HHH000204: Processing PersistenceUnitInfo [name: default]
2025-05-11T15:59:03.193+09:00  INFO 60809 --- [    Test worker] org.hibernate.Version                    : HHH000412: Hibernate ORM core version 6.5.3.Final
2025-05-11T15:59:03.202+09:00  INFO 60809 --- [    Test worker] o.h.c.internal.RegionFactoryInitiator    : HHH000026: Second-level cache disabled
2025-05-11T15:59:03.285+09:00  INFO 60809 --- [    Test worker] o.s.o.j.p.SpringPersistenceUnitInfo      : No LoadTimeWeaver setup: ignoring JPA class transformer
2025-05-11T15:59:03.293+09:00  INFO 60809 --- [    Test worker] com.zaxxer.hikari.HikariDataSource       : HikariPool-1 - Starting...
2025-05-11T15:59:03.397+09:00  INFO 60809 --- [    Test worker] com.zaxxer.hikari.pool.HikariPool        : HikariPool-1 - Added connection com.mysql.cj.jdbc.ConnectionImpl@611a2d82
2025-05-11T15:59:03.398+09:00  INFO 60809 --- [    Test worker] com.zaxxer.hikari.HikariDataSource       : HikariPool-1 - Start completed.
2025-05-11T15:59:03.413+09:00  WARN 60809 --- [    Test worker] org.hibernate.orm.deprecation            : HHH90000025: MySQL8Dialect does not need to be specified explicitly using 'hibernate.dialect' (remove the property setting and it will be selected by default)
2025-05-11T15:59:03.413+09:00  WARN 60809 --- [    Test worker] org.hibernate.orm.deprecation            : HHH90000026: MySQL8Dialect has been deprecated; use org.hibernate.dialect.MySQLDialect instead
2025-05-11T15:59:03.750+09:00  INFO 60809 --- [    Test worker] o.h.e.t.j.p.i.JtaPlatformInitiator       : HHH000489: No JTA platform available (set 'hibernate.transaction.jta.platform' to enable JTA platform integration)
2025-05-11T15:59:03.814+09:00  INFO 60809 --- [    Test worker] j.LocalContainerEntityManagerFactoryBean : Initialized JPA EntityManagerFactory for persistence unit 'default'
2025-05-11T15:59:03.975+09:00  WARN 60809 --- [    Test worker] JpaBaseConfiguration$JpaWebConfiguration : spring.jpa.open-in-view is enabled by default. Therefore, database queries may be performed during view rendering. Explicitly configure spring.jpa.open-in-view to disable this warning
2025-05-11T15:59:04.011+09:00  INFO 60809 --- [    Test worker] o.s.v.b.OptionalValidatorFactoryBean     : Failed to set up a Bean Validation provider: jakarta.validation.NoProviderFoundException: Unable to create a Configuration, because no Jakarta Bean Validation provider could be found. Add a provider like Hibernate Validator (RI) to your classpath.
2025-05-11T15:59:04.260+09:00  INFO 60809 --- [    Test worker] umc.spring.ApplicationTests              : Started ApplicationTests in 1.565 seconds (process running for 1.899)
Executing findUserById with parameters:
UserId: 1
Hibernate: 
    /* select
        user 
    from
        User user 
    where
        user.id = ?1 */ select
            u1_0.id,
            u1_0.address,
            u1_0.birthday,
            u1_0.created_at,
            u1_0.email,
            u1_0.gender,
            u1_0.inactive_date,
            u1_0.name,
            u1_0.phone_number,
            u1_0.point,
            u1_0.status,
            u1_0.updated_at 
        from
            user u1_0 
        where
            u1_0.id=?
User: umc.study.domain.User@13e59265
umc.study.domain.User@13e59265
]]></system-out>
  <system-err><![CDATA[]]></system-err>
</testsuite>
